#
# A fatal error has been detected by the Java Runtime Environment:
#
#  EXCEPTION_ACCESS_VIOLATION (0xc0000005) at pc=0x0000000068ec5d45, pid=13652, tid=0x00000000000010fc
#
# JRE version: Java(TM) SE Runtime Environment (8.0_144-b01) (build 1.8.0_144-b01)
# Java VM: Java HotSpot(TM) 64-Bit Server VM (25.144-b01 mixed mode windows-amd64 compressed oops)
# Problematic frame:
# C  [sqlite-3.18.0-b79f4d23-4fdd-4f3c-bf3d-36fa53a221d5-sqlitejdbc.dll+0x5d45]
#
# Failed to write core dump. Minidumps are not enabled by default on client versions of Windows
#
# If you would like to submit a bug report, please visit:
#   http://bugreport.java.com/bugreport/crash.jsp
# The crash happened outside the Java Virtual Machine in native code.
# See problematic frame for where to report the bug.
#

---------------  T H R E A D  ---------------

Current thread (0x0000000019870800):  JavaThread "AWT-EventQueue-0" [_thread_in_native, id=4348, stack(0x000000001a750000,0x000000001a850000)]

siginfo: ExceptionCode=0xc0000005, reading address 0x000000001aef5f24

Registers:
RAX=0x0000000068ec2760, RBX=0x000000001b896990, RCX=0x000000001aef5e68, RDX=0x000000001a84c960
RSP=0x000000001a84c898, RBP=0x000000001a84c930, RSI=0x00000000d715d7c4, RDI=0x00000000d715d5f8
R8 =0x000000001aef5e68, R9 =0x0000000000000001, R10=0x0000000002a58a4b, R11=0x0000000053cfbc50
R12=0x0000000000000000, R13=0x000000001b896990, R14=0x000000001a84c960, R15=0x0000000019870800
RIP=0x0000000068ec5d45, EFLAGS=0x0000000000010202

Top of Stack: (sp=0x000000001a84c898)
0x000000001a84c898:   0000000002a58a77 00000000d715d5f8
0x000000001a84c8a8:   0000000002a58811 0000000019870800
0x000000001a84c8b8:   000000001b896990 000000001a84c9b8
0x000000001a84c8c8:   0000000019870800 000000001a84c968
0x000000001a84c8d8:   0000000002a587d9 0000000000000003
0x000000001a84c8e8:   00000000d715c910 000000001a84c8e0
0x000000001a84c8f8:   000000001b896990 000000001a84c960
0x000000001a84c908:   000000001b9193d8 0000000000000000
0x000000001a84c918:   000000001b896990 0000000000000000
0x000000001a84c928:   000000001a84c950 000000001a84c9b8
0x000000001a84c938:   0000000002a47da0 0000000000000000
0x000000001a84c948:   0000000002a519d6 000000001aef5e68
0x000000001a84c958:   0000000002a62e7a 00000000d715c910
0x000000001a84c968:   0000000000000003 00000000d715c910
0x000000001a84c978:   000000001a84c968 000000001b893e2a
0x000000001a84c988:   000000001a84c9e8 000000001b918be8 

Instructions: (pc=0x0000000068ec5d45)
0x0000000068ec5d25:   90 66 2e 0f 1f 84 00 00 00 00 00 48 8b 41 10 8b
0x0000000068ec5d35:   40 0c c3 0f 1f 84 00 00 00 00 00 48 85 c9 74 0b
0x0000000068ec5d45:   0f b7 81 bc 00 00 00 c3 0f 1f 00 31 c0 c3 0f 1f
0x0000000068ec5d55:   00 66 2e 0f 1f 84 00 00 00 00 00 48 85 c9 74 1b 


Register to memory mapping:

RAX=0x0000000068ec2760 is an unknown value
RBX={method} {0x000000001b896998} 'column_count' '(J)I' in 'org/sqlite/core/NativeDB'
RCX=0x000000001aef5e68 is an unknown value
RDX=0x000000001a84c960 is pointing into the stack for thread: 0x0000000019870800
RSP=0x000000001a84c898 is pointing into the stack for thread: 0x0000000019870800
RBP=0x000000001a84c930 is pointing into the stack for thread: 0x0000000019870800
RSI=0x00000000d715d7c4 is an unknown value
RDI=0x00000000d715d5f8 is an oop
org.sqlite.jdbc4.JDBC4PreparedStatement 
 - klass: 'org/sqlite/jdbc4/JDBC4PreparedStatement'
R8 =0x000000001aef5e68 is an unknown value
R9 =0x0000000000000001 is an unknown value
R10=0x0000000002a58a4b is at code_begin+1227 in an Interpreter codelet
method entry point (kind = native_synchronized)  [0x0000000002a58580, 0x0000000002a59060]  2784 bytes
R11=0x0000000053cfbc50 is an unknown value
R12=0x0000000000000000 is an unknown value
R13={method} {0x000000001b896998} 'column_count' '(J)I' in 'org/sqlite/core/NativeDB'
R14=0x000000001a84c960 is pointing into the stack for thread: 0x0000000019870800
R15=0x0000000019870800 is a thread


Stack: [0x000000001a750000,0x000000001a850000],  sp=0x000000001a84c898,  free space=1010k
Native frames: (J=compiled Java code, j=interpreted, Vv=VM code, C=native code)
C  [sqlite-3.18.0-b79f4d23-4fdd-4f3c-bf3d-36fa53a221d5-sqlitejdbc.dll+0x5d45]
C  0x0000000002a58a77

Java frames: (J=compiled Java code, j=interpreted, Vv=VM code)
j  org.sqlite.core.NativeDB.column_count(J)I+0
j  org.sqlite.core.DB.column_names(J)[Ljava/lang/String;+2
j  org.sqlite.core.CorePreparedStatement.<init>(Lorg/sqlite/SQLiteConnection;Ljava/lang/String;)V+30
j  org.sqlite.jdbc3.JDBC3PreparedStatement.<init>(Lorg/sqlite/SQLiteConnection;Ljava/lang/String;)V+3
j  org.sqlite.jdbc4.JDBC4PreparedStatement.<init>(Lorg/sqlite/SQLiteConnection;Ljava/lang/String;)V+3
j  org.sqlite.jdbc4.JDBC4Connection.prepareStatement(Ljava/lang/String;III)Ljava/sql/PreparedStatement;+21
j  org.sqlite.jdbc3.JDBC3Connection.prepareStatement(Ljava/lang/String;II)Ljava/sql/PreparedStatement;+5
j  org.sqlite.jdbc3.JDBC3Connection.prepareStatement(Ljava/lang/String;)Ljava/sql/PreparedStatement;+8
j  model.DAO.PessoaDAO.todos()Ljava/util/List;+19
j  model.Pessoa.todos()Ljava/util/List;+3
j  controll.ContatosController.populaLista(Ljavax/swing/JList;)V+6
j  view.TelaContatos.atualizaLista()V+4
j  view.MainFrame.changeScreen(I)V+45
j  view.TelaCadastro$1.actionPerformed(Ljava/awt/event/ActionEvent;)V+1
j  javax.swing.AbstractButton.fireActionPerformed(Ljava/awt/event/ActionEvent;)V+83
j  javax.swing.AbstractButton$Handler.actionPerformed(Ljava/awt/event/ActionEvent;)V+5
j  javax.swing.DefaultButtonModel.fireActionPerformed(Ljava/awt/event/ActionEvent;)V+34
j  javax.swing.DefaultButtonModel.setPressed(Z)V+117
j  javax.swing.plaf.basic.BasicButtonListener.mouseReleased(Ljava/awt/event/MouseEvent;)V+35
j  java.awt.Component.processMouseEvent(Ljava/awt/event/MouseEvent;)V+64
j  javax.swing.JComponent.processMouseEvent(Ljava/awt/event/MouseEvent;)V+23
j  java.awt.Component.processEvent(Ljava/awt/AWTEvent;)V+81
j  java.awt.Container.processEvent(Ljava/awt/AWTEvent;)V+18
j  java.awt.Component.dispatchEventImpl(Ljava/awt/AWTEvent;)V+589
J 903 C1 java.awt.Container.dispatchEventImpl(Ljava/awt/AWTEvent;)V (129 bytes) @ 0x0000000002d68604 [0x0000000002d684c0+0x144]
j  java.awt.Component.dispatchEvent(Ljava/awt/AWTEvent;)V+2
j  java.awt.LightweightDispatcher.retargetMouseEvent(Ljava/awt/Component;ILjava/awt/event/MouseEvent;)V+327
j  java.awt.LightweightDispatcher.processMouseEvent(Ljava/awt/event/MouseEvent;)Z+155
j  java.awt.LightweightDispatcher.dispatchEvent(Ljava/awt/AWTEvent;)Z+50
J 903 C1 java.awt.Container.dispatchEventImpl(Ljava/awt/AWTEvent;)V (129 bytes) @ 0x0000000002d685a4 [0x0000000002d684c0+0xe4]
J 920 C1 java.awt.Window.dispatchEventImpl(Ljava/awt/AWTEvent;)V (23 bytes) @ 0x0000000002d76764 [0x0000000002d76180+0x5e4]
J 900 C1 java.awt.EventQueue.dispatchEventImpl(Ljava/awt/AWTEvent;Ljava/lang/Object;)V (149 bytes) @ 0x0000000002d6bdbc [0x0000000002d6a580+0x183c]
J 898 C1 java.awt.EventQueue$3.run()Ljava/lang/Void; (60 bytes) @ 0x0000000002d69acc [0x0000000002d698c0+0x20c]
J 897 C1 java.awt.EventQueue$3.run()Ljava/lang/Object; (5 bytes) @ 0x0000000002d6620c [0x0000000002d66180+0x8c]
v  ~StubRoutines::call_stub
J 803  java.security.AccessController.doPrivileged(Ljava/security/PrivilegedAction;Ljava/security/AccessControlContext;)Ljava/lang/Object; (0 bytes) @ 0x0000000002d30726 [0x0000000002d306c0+0x66]
J 924 C1 java.awt.EventQueue$4.run()Ljava/lang/Object; (5 bytes) @ 0x0000000002d9ac6c [0x0000000002d9a840+0x42c]
v  ~StubRoutines::call_stub
J 803  java.security.AccessController.doPrivileged(Ljava/security/PrivilegedAction;Ljava/security/AccessControlContext;)Ljava/lang/Object; (0 bytes) @ 0x0000000002d30726 [0x0000000002d306c0+0x66]
J 827 C1 java.awt.EventQueue.dispatchEvent(Ljava/awt/AWTEvent;)V (80 bytes) @ 0x0000000002d3d8fc [0x0000000002d3ca80+0xe7c]
J 831 C1 java.awt.EventDispatchThread.pumpOneEventForFilters(I)V (295 bytes) @ 0x0000000002d41ce4 [0x0000000002d40180+0x1b64]
j  java.awt.EventDispatchThread.pumpEventsForFilter(ILjava/awt/Conditional;Ljava/awt/EventFilter;)V+35
j  java.awt.EventDispatchThread.pumpEventsForHierarchy(ILjava/awt/Conditional;Ljava/awt/Component;)V+11
j  java.awt.EventDispatchThread.pumpEvents(ILjava/awt/Conditional;)V+4
j  java.awt.EventDispatchThread.pumpEvents(Ljava/awt/Conditional;)V+3
j  java.awt.EventDispatchThread.run()V+9
v  ~StubRoutines::call_stub

---------------  P R O C E S S  ---------------

Java Threads: ( => current thread )
  0x000000000283e000 JavaThread "DestroyJavaVM" [_thread_blocked, id=856, stack(0x00000000026a0000,0x00000000027a0000)]
  0x0000000019905800 JavaThread "TimerQueue" daemon [_thread_blocked, id=5520, stack(0x000000001b990000,0x000000001ba90000)]
=>0x0000000019870800 JavaThread "AWT-EventQueue-0" [_thread_in_native, id=4348, stack(0x000000001a750000,0x000000001a850000)]
  0x00000000197e7000 JavaThread "AWT-Windows" daemon [_thread_in_native, id=8764, stack(0x000000001a240000,0x000000001a340000)]
  0x00000000197e6000 JavaThread "AWT-Shutdown" [_thread_blocked, id=32, stack(0x000000001a140000,0x000000001a240000)]
  0x00000000197e5800 JavaThread "Java2D Disposer" daemon [_thread_blocked, id=4132, stack(0x0000000019f50000,0x000000001a050000)]
  0x0000000018cf2000 JavaThread "Service Thread" daemon [_thread_blocked, id=12368, stack(0x0000000019400000,0x0000000019500000)]
  0x0000000018c57000 JavaThread "C1 CompilerThread2" daemon [_thread_blocked, id=7116, stack(0x0000000019300000,0x0000000019400000)]
  0x0000000018c56800 JavaThread "C2 CompilerThread1" daemon [_thread_blocked, id=11768, stack(0x0000000019200000,0x0000000019300000)]
  0x000000001760c000 JavaThread "C2 CompilerThread0" daemon [_thread_blocked, id=13828, stack(0x0000000019100000,0x0000000019200000)]
  0x00000000175d9000 JavaThread "Monitor Ctrl-Break" daemon [_thread_in_native, id=13716, stack(0x0000000019000000,0x0000000019100000)]
  0x00000000175ac000 JavaThread "Attach Listener" daemon [_thread_blocked, id=10436, stack(0x0000000018b00000,0x0000000018c00000)]
  0x00000000175ab000 JavaThread "Signal Dispatcher" daemon [_thread_blocked, id=1688, stack(0x0000000018a00000,0x0000000018b00000)]
  0x0000000017599000 JavaThread "Finalizer" daemon [_thread_blocked, id=11876, stack(0x0000000018800000,0x0000000018900000)]
  0x0000000002a32000 JavaThread "Reference Handler" daemon [_thread_blocked, id=9492, stack(0x0000000018700000,0x0000000018800000)]

Other Threads:
  0x0000000017577000 VMThread [stack: 0x0000000018600000,0x0000000018700000] [id=10156]
  0x0000000018d34000 WatcherThread [stack: 0x0000000019500000,0x0000000019600000] [id=8444]

VM state:not at safepoint (normal execution)

VM Mutex/Monitor currently owned by a thread: None

Heap:
 PSYoungGen      total 38400K, used 24193K [0x00000000d5c00000, 0x00000000d8680000, 0x0000000100000000)
  eden space 33280K, 72% used [0x00000000d5c00000,0x00000000d73a0500,0x00000000d7c80000)
  from space 5120K, 0% used [0x00000000d8180000,0x00000000d8180000,0x00000000d8680000)
  to   space 5120K, 0% used [0x00000000d7c80000,0x00000000d7c80000,0x00000000d8180000)
 ParOldGen       total 87552K, used 0K [0x0000000081400000, 0x0000000086980000, 0x00000000d5c00000)
  object space 87552K, 0% used [0x0000000081400000,0x0000000081400000,0x0000000086980000)
 Metaspace       used 14475K, capacity 14686K, committed 14976K, reserved 1062912K
  class space    used 1778K, capacity 1833K, committed 1920K, reserved 1048576K

Card table byte_map: [0x0000000011e00000,0x0000000012200000] byte_map_base: 0x00000000119f6000

Marking Bits: (ParMarkBitMap*) 0x00000000542ed850
 Begin Bits: [0x00000000128b0000, 0x0000000014860000)
 End Bits:   [0x0000000014860000, 0x0000000016810000)

Polling page: 0x0000000000a00000

CodeCache: size=245760Kb used=3636Kb max_used=3636Kb free=242123Kb
 bounds [0x0000000002a40000, 0x0000000002dd0000, 0x0000000011a40000]
 total_blobs=1512 nmethods=998 adapters=427
 compilation: enabled

Compilation events (10 events):
Event: 11.337 Thread 0x0000000018c57000  993       3       java.io.BufferedInputStream::fill (233 bytes)
Event: 11.338 Thread 0x0000000018c57000 nmethod 993 0x0000000002dcb810 code [0x0000000002dcba80, 0x0000000002dcc978]
Event: 11.339 Thread 0x0000000018c57000  995       3       java.util.jar.JarFile::maybeInstantiateVerifier (96 bytes)
Event: 11.340 Thread 0x0000000018c57000 nmethod 995 0x0000000002dca350 code [0x0000000002dca580, 0x0000000002dcb228]
Event: 11.341 Thread 0x0000000018c57000  996       1       java.util.jar.Manifest::getMainAttributes (5 bytes)
Event: 11.341 Thread 0x0000000018c57000 nmethod 996 0x0000000002dce6d0 code [0x0000000002dce820, 0x0000000002dce930]
Event: 11.347 Thread 0x0000000018c57000  997       3       java.util.regex.Pattern::isSupplementary (20 bytes)
Event: 11.347 Thread 0x0000000018c57000 nmethod 997 0x0000000002dce990 code [0x0000000002dceb00, 0x0000000002dcedd0]
Event: 11.347 Thread 0x0000000018c57000  998       3       java.util.regex.Pattern::peek (26 bytes)
Event: 11.347 Thread 0x0000000018c57000 nmethod 998 0x0000000002dcee90 code [0x0000000002dcf000, 0x0000000002dcf2a8]

GC Heap History (0 events):
No events

Deoptimization events (7 events):
Event: 0.547 Thread 0x000000000283e000 Uncommon trap: reason=null_check action=make_not_entrant pc=0x0000000002bc5a1c method=java.lang.String.equals(Ljava/lang/Object;)Z @ 8
Event: 0.569 Thread 0x000000000283e000 Uncommon trap: reason=unstable_if action=reinterpret pc=0x0000000002c36694 method=java.util.HashMap.hash(Ljava/lang/Object;)I @ 1
Event: 0.574 Thread 0x00000000197e7000 Uncommon trap: reason=unstable_if action=reinterpret pc=0x0000000002c33c28 method=java.util.HashMap.putVal(ILjava/lang/Object;Ljava/lang/Object;ZZ)Ljava/lang/Object; @ 181
Event: 0.705 Thread 0x000000000283e000 Uncommon trap: reason=class_check action=maybe_recompile pc=0x0000000002c3750c method=java.lang.String.equals(Ljava/lang/Object;)Z @ 8
Event: 6.337 Thread 0x0000000019870800 Uncommon trap: reason=unstable_if action=reinterpret pc=0x0000000002d61ed4 method=java.awt.Component.inside(II)Z @ 1
Event: 11.337 Thread 0x000000000283e000 Uncommon trap: reason=unstable_if action=reinterpret pc=0x0000000002dce044 method=org.sqlite.SQLiteJDBCLoader.contentsEquals(Ljava/io/InputStream;Ljava/io/InputStream;)Z @ 39
Event: 11.352 Thread 0x000000000283e000 Uncommon trap: reason=unstable_if action=reinterpret pc=0x0000000002b7e248 method=sun.nio.cs.UTF_8$Decoder.decode([BII[C)I @ 30

Internal exceptions (10 events):
Event: 0.409 Thread 0x000000000283e000 Exception <a 'java/security/PrivilegedActionException'> (0x00000000d62d7f78) thrown at [C:\re\workspace\8-2-build-windows-amd64-cygwin\jdk8u144\9417\hotspot\src\share\vm\prims\jvm.cpp, line 1390]
Event: 0.409 Thread 0x000000000283e000 Exception <a 'java/security/PrivilegedActionException'> (0x00000000d62d8188) thrown at [C:\re\workspace\8-2-build-windows-amd64-cygwin\jdk8u144\9417\hotspot\src\share\vm\prims\jvm.cpp, line 1390]
Event: 0.410 Thread 0x000000000283e000 Exception <a 'java/security/PrivilegedActionException'> (0x00000000d62dc098) thrown at [C:\re\workspace\8-2-build-windows-amd64-cygwin\jdk8u144\9417\hotspot\src\share\vm\prims\jvm.cpp, line 1390]
Event: 0.410 Thread 0x000000000283e000 Exception <a 'java/security/PrivilegedActionException'> (0x00000000d62dc2a8) thrown at [C:\re\workspace\8-2-build-windows-amd64-cygwin\jdk8u144\9417\hotspot\src\share\vm\prims\jvm.cpp, line 1390]
Event: 0.416 Thread 0x000000000283e000 Exception <a 'java/io/FileNotFoundException'> (0x00000000d62ecde0) thrown at [C:\re\workspace\8-2-build-windows-amd64-cygwin\jdk8u144\9417\hotspot\src\share\vm\prims\jni.cpp, line 709]
Event: 0.460 Thread 0x000000000283e000 Exception <a 'java/lang/NoSuchFieldError': method resolution failed> (0x00000000d6419530) thrown at [C:\re\workspace\8-2-build-windows-amd64-cygwin\jdk8u144\9417\hotspot\src\share\vm\prims\methodHandles.cpp, line 1146]
Event: 0.468 Thread 0x000000000283e000 Exception <a 'java/lang/NoSuchFieldError': method resolution failed> (0x00000000d6427378) thrown at [C:\re\workspace\8-2-build-windows-amd64-cygwin\jdk8u144\9417\hotspot\src\share\vm\prims\methodHandles.cpp, line 1146]
Event: 0.518 Thread 0x000000000283e000 Exception <a 'java/io/FileNotFoundException'> (0x00000000d6575990) thrown at [C:\re\workspace\8-2-build-windows-amd64-cygwin\jdk8u144\9417\hotspot\src\share\vm\prims\jni.cpp, line 709]
Event: 0.547 Thread 0x000000000283e000 Implicit null exception at 0x0000000002bc5862 to 0x0000000002bc5a0d
Event: 0.569 Thread 0x000000000283e000 Implicit null exception at 0x0000000002c3613b to 0x0000000002c36681

Events (10 events):
Event: 11.349 loading class java/sql/Date done
Event: 11.351 Executing VM operation: RevokeBias
Event: 11.351 Executing VM operation: RevokeBias done
Event: 11.352 Thread 0x000000000283e000 Uncommon trap: trap_request=0xffffff65 fr.pc=0x0000000002b7e248
Event: 11.352 Thread 0x000000000283e000 DEOPT PACKING pc=0x0000000002b7e248 sp=0x000000000279f110
Event: 11.352 Thread 0x000000000283e000 DEOPT UNPACKING pc=0x0000000002a8582a sp=0x000000000279f068 mode 2
Event: 11.353 Executing VM operation: RevokeBias
Event: 11.353 Executing VM operation: RevokeBias done
Event: 11.369 Thread 0x000000000283e000 Thread exited: 0x000000000283e000
Event: 11.369 Thread 0x000000000283e000 Thread added: 0x000000000283e000


Dynamic libraries:
0x00007ff6e9f70000 - 0x00007ff6e9fa7000 	C:\Program Files\Java\jdk1.8.0_144\bin\java.exe
0x00007fff53f00000 - 0x00007fff540db000 	C:\WINDOWS\SYSTEM32\ntdll.dll
0x00007fff53dd0000 - 0x00007fff53e7e000 	C:\WINDOWS\System32\KERNEL32.DLL
0x00007fff51210000 - 0x00007fff51459000 	C:\WINDOWS\System32\KERNELBASE.dll
0x00007fff53d00000 - 0x00007fff53da1000 	C:\WINDOWS\System32\ADVAPI32.dll
0x00007fff53c60000 - 0x00007fff53cfd000 	C:\WINDOWS\System32\msvcrt.dll
0x00007fff53920000 - 0x00007fff53979000 	C:\WINDOWS\System32\sechost.dll
0x00007fff51ce0000 - 0x00007fff51e05000 	C:\WINDOWS\System32\RPCRT4.dll
0x00007fff51460000 - 0x00007fff515aa000 	C:\WINDOWS\System32\USER32.dll
0x00007fff50fb0000 - 0x00007fff50fce000 	C:\WINDOWS\System32\win32u.dll
0x00007fff51b00000 - 0x00007fff51b27000 	C:\WINDOWS\System32\GDI32.dll
0x00007fff51080000 - 0x00007fff51208000 	C:\WINDOWS\System32\gdi32full.dll
0x00007fff50420000 - 0x00007fff504ba000 	C:\WINDOWS\System32\msvcp_win.dll
0x00007fff50c70000 - 0x00007fff50d66000 	C:\WINDOWS\System32\ucrtbase.dll
0x00007fff463c0000 - 0x00007fff46627000 	C:\WINDOWS\WinSxS\amd64_microsoft.windows.common-controls_6595b64144ccf1df_6.0.15063.483_none_26002d27e7c744a2\COMCTL32.dll
0x00007fff51fc0000 - 0x00007fff522b9000 	C:\WINDOWS\System32\combase.dll
0x00007fff50d70000 - 0x00007fff50dda000 	C:\WINDOWS\System32\bcryptPrimitives.dll
0x00007fff51ba0000 - 0x00007fff51bcd000 	C:\WINDOWS\System32\IMM32.DLL
0x0000000054370000 - 0x0000000054442000 	C:\Program Files\Java\jdk1.8.0_144\jre\bin\msvcr100.dll
0x0000000053ad0000 - 0x000000005436d000 	C:\Program Files\Java\jdk1.8.0_144\jre\bin\server\jvm.dll
0x00007fff52410000 - 0x00007fff52418000 	C:\WINDOWS\System32\PSAPI.DLL
0x00007fff3d1a0000 - 0x00007fff3d1a9000 	C:\WINDOWS\SYSTEM32\WSOCK32.dll
0x00007fff4d700000 - 0x00007fff4d723000 	C:\WINDOWS\SYSTEM32\WINMM.dll
0x00007fff51b30000 - 0x00007fff51b9c000 	C:\WINDOWS\System32\WS2_32.dll
0x00007fff4b7c0000 - 0x00007fff4b7ca000 	C:\WINDOWS\SYSTEM32\VERSION.dll
0x00007fff4d6d0000 - 0x00007fff4d6fb000 	C:\WINDOWS\SYSTEM32\WINMMBASE.dll
0x00007fff50c20000 - 0x00007fff50c69000 	C:\WINDOWS\System32\cfgmgr32.dll
0x0000000053ac0000 - 0x0000000053acf000 	C:\Program Files\Java\jdk1.8.0_144\jre\bin\verify.dll
0x0000000053a90000 - 0x0000000053ab9000 	C:\Program Files\Java\jdk1.8.0_144\jre\bin\java.dll
0x0000000053a60000 - 0x0000000053a83000 	C:\Program Files\Java\jdk1.8.0_144\jre\bin\instrument.dll
0x0000000053a40000 - 0x0000000053a56000 	C:\Program Files\Java\jdk1.8.0_144\jre\bin\zip.dll
0x00007fff524e0000 - 0x00007fff53916000 	C:\WINDOWS\System32\SHELL32.dll
0x00007fff53980000 - 0x00007fff53a2a000 	C:\WINDOWS\System32\shcore.dll
0x00007fff50520000 - 0x00007fff50c13000 	C:\WINDOWS\System32\windows.storage.dll
0x00007fff53a30000 - 0x00007fff53a81000 	C:\WINDOWS\System32\shlwapi.dll
0x00007fff503b0000 - 0x00007fff503c1000 	C:\WINDOWS\System32\kernel.appcore.dll
0x00007fff503d0000 - 0x00007fff5041c000 	C:\WINDOWS\System32\powrprof.dll
0x00007fff50370000 - 0x00007fff50385000 	C:\WINDOWS\System32\profapi.dll
0x00007fff493e0000 - 0x00007fff493fa000 	C:\Program Files\JetBrains\IntelliJ IDEA Community Edition 2017.2.1\bin\breakgen64.dll
0x0000000053a20000 - 0x0000000053a3a000 	C:\Program Files\Java\jdk1.8.0_144\jre\bin\net.dll
0x00007fff4fc80000 - 0x00007fff4fcdc000 	C:\WINDOWS\system32\mswsock.dll
0x0000000053880000 - 0x0000000053a18000 	C:\Program Files\Java\jdk1.8.0_144\jre\bin\awt.dll
0x00007fff52420000 - 0x00007fff524e0000 	C:\WINDOWS\System32\OLEAUT32.dll
0x00007fff4eb10000 - 0x00007fff4eb8e000 	C:\WINDOWS\SYSTEM32\apphelp.dll
0x00007fff4cff0000 - 0x00007fff4d01a000 	C:\WINDOWS\system32\DWMAPI.DLL
0x00007fff4ec70000 - 0x00007fff4ed05000 	C:\WINDOWS\system32\uxtheme.dll
0x00007fff3eff0000 - 0x00007fff3f111000 	C:\WINDOWS\system32\opengl32.dll
0x00007fff45140000 - 0x00007fff4516c000 	C:\WINDOWS\SYSTEM32\GLU32.dll
0x00007fff53af0000 - 0x00007fff53c56000 	C:\WINDOWS\System32\MSCTF.dll
0x00007fff522c0000 - 0x00007fff52405000 	C:\WINDOWS\System32\ole32.dll
0x0000000053810000 - 0x0000000053857000 	C:\Program Files\Java\jdk1.8.0_144\jre\bin\fontmanager.dll
0x00007fff498b0000 - 0x00007fff49932000 	C:\WINDOWS\System32\TextInputFramework.dll
0x00007fff4a920000 - 0x00007fff4abf2000 	C:\WINDOWS\System32\CoreUIComponents.dll
0x00007fff4d880000 - 0x00007fff4d963000 	C:\WINDOWS\System32\CoreMessaging.dll
0x00007fff4f580000 - 0x00007fff4f5b1000 	C:\WINDOWS\SYSTEM32\ntmarta.dll
0x00007fff4c820000 - 0x00007fff4c959000 	C:\WINDOWS\SYSTEM32\wintypes.dll
0x00007fff4d350000 - 0x00007fff4d365000 	C:\WINDOWS\SYSTEM32\usermgrcli.dll
0x0000000053860000 - 0x0000000053871000 	C:\Program Files\Java\jdk1.8.0_144\jre\bin\nio.dll
0x00000000537c0000 - 0x0000000053802000 	C:\Program Files\Java\jdk1.8.0_144\jre\bin\t2k.dll
0x00007fff519f0000 - 0x00007fff51a8e000 	C:\WINDOWS\System32\clbcatq.dll
0x00007fff4b410000 - 0x00007fff4b5bc000 	C:\WINDOWS\SYSTEM32\WindowsCodecs.dll
0x00007fff45030000 - 0x00007fff45077000 	C:\WINDOWS\system32\dataexchange.dll
0x00007fff4ddb0000 - 0x00007fff4e08f000 	C:\WINDOWS\system32\d3d11.dll
0x00007fff4e640000 - 0x00007fff4e762000 	C:\WINDOWS\system32\dcomp.dll
0x00007fff4f2c0000 - 0x00007fff4f364000 	C:\WINDOWS\system32\dxgi.dll
0x00007fff4ed10000 - 0x00007fff4ee80000 	C:\WINDOWS\system32\twinapi.appcore.dll
0x00007fff4ff30000 - 0x00007fff4ff55000 	C:\WINDOWS\system32\bcrypt.dll
0x00007fff4fe30000 - 0x00007fff4fe47000 	C:\WINDOWS\SYSTEM32\CRYPTSP.dll
0x00007fff4f8a0000 - 0x00007fff4f8d4000 	C:\WINDOWS\system32\rsaenh.dll
0x00007fff50270000 - 0x00007fff50299000 	C:\WINDOWS\SYSTEM32\USERENV.dll
0x00007fff4fe20000 - 0x00007fff4fe2b000 	C:\WINDOWS\SYSTEM32\CRYPTBASE.dll
0x00007fff4fa20000 - 0x00007fff4fa57000 	C:\WINDOWS\SYSTEM32\IPHLPAPI.DLL
0x00007fff51fb0000 - 0x00007fff51fb8000 	C:\WINDOWS\System32\NSI.dll
0x00007fff4a900000 - 0x00007fff4a916000 	C:\WINDOWS\SYSTEM32\dhcpcsvc6.DLL
0x00007fff4a8e0000 - 0x00007fff4a8fa000 	C:\WINDOWS\SYSTEM32\dhcpcsvc.DLL
0x0000000068ec0000 - 0x0000000068fb0000 	C:\Users\Hythan\AppData\Local\Temp\sqlite-3.18.0-b79f4d23-4fdd-4f3c-bf3d-36fa53a221d5-sqlitejdbc.dll
0x00007fff40ba0000 - 0x00007fff40d49000 	C:\WINDOWS\SYSTEM32\dbghelp.dll

VM Arguments:
jvm_args: -javaagent:C:\Program Files\JetBrains\IntelliJ IDEA Community Edition 2017.2.1\lib\idea_rt.jar=52350:C:\Program Files\JetBrains\IntelliJ IDEA Community Edition 2017.2.1\bin -Dfile.encoding=UTF-8 
java_command: controll.Main
java_class_path (initial): C:\Program Files\Java\jdk1.8.0_144\jre\lib\charsets.jar;C:\Program Files\Java\jdk1.8.0_144\jre\lib\deploy.jar;C:\Program Files\Java\jdk1.8.0_144\jre\lib\ext\access-bridge-64.jar;C:\Program Files\Java\jdk1.8.0_144\jre\lib\ext\cldrdata.jar;C:\Program Files\Java\jdk1.8.0_144\jre\lib\ext\dnsns.jar;C:\Program Files\Java\jdk1.8.0_144\jre\lib\ext\jaccess.jar;C:\Program Files\Java\jdk1.8.0_144\jre\lib\ext\jfxrt.jar;C:\Program Files\Java\jdk1.8.0_144\jre\lib\ext\localedata.jar;C:\Program Files\Java\jdk1.8.0_144\jre\lib\ext\nashorn.jar;C:\Program Files\Java\jdk1.8.0_144\jre\lib\ext\sunec.jar;C:\Program Files\Java\jdk1.8.0_144\jre\lib\ext\sunjce_provider.jar;C:\Program Files\Java\jdk1.8.0_144\jre\lib\ext\sunmscapi.jar;C:\Program Files\Java\jdk1.8.0_144\jre\lib\ext\sunpkcs11.jar;C:\Program Files\Java\jdk1.8.0_144\jre\lib\ext\zipfs.jar;C:\Program Files\Java\jdk1.8.0_144\jre\lib\javaws.jar;C:\Program Files\Java\jdk1.8.0_144\jre\lib\jce.jar;C:\Program Files\Java\jdk1.8.0_144\jre\lib\jfr.jar;C:\Program Files\Java\jdk1.8.0_144\jre\lib\jfxswt.jar;C:\Program Files\Java\jdk1.8.0_144\jre\lib\jsse.jar;C:\Program Files\Java\jdk1.8.0_144\jre\lib\management-agent.jar;C:\Program Files\Java\jdk1.8.0_144\jre\lib\plugin.jar;C:\Program Files\Java\jdk1.8.0_144\jre\lib\resources.jar;C:\Program Files\Java\jdk1.8.0_144\jre\lib\rt.jar;C:\Users\Hythan\Desktop\ProjetoSwing\out\production\ProjetoSwing;C:\Users\Hythan\Desktop\ProjetoSwing\libs\sqlite-jdbc-3.18.0.jar;C:\Users\Hythan\Desktop\ProjetoSwing\libs\looksdemo-2.3.1.jar;C:\Program Files\JetBrains\IntelliJ IDEA Community Edition 2017.2.1\lib\idea_rt.jar
Launcher Type: SUN_STANDARD

Environment Variables:
PATH=C:\ProgramData\Oracle\Java\javapath;C:\Program Files (x86)\Intel\iCLS Client\;C:\Program Files\Intel\iCLS Client\;C:\windows\system32;C:\windows;C:\windows\System32\Wbem;C:\windows\System32\WindowsPowerShell\v1.0\;C:\Program Files (x86)\NVIDIA Corporation\PhysX\Common;C:\Program Files (x86)\Intel\Intel(R) Management Engine Components\DAL;C:\Program Files\Intel\Intel(R) Management Engine Components\DAL;C:\Program Files (x86)\Intel\Intel(R) Management Engine Components\IPT;C:\Program Files\Intel\Intel(R) Management Engine Components\IPT;C:\Program Files (x86)\Brackets\command;C:\WINDOWS\system32;C:\WINDOWS;C:\WINDOWS\System32\Wbem;C:\WINDOWS\System32\WindowsPowerShell\v1.0\;C:\Program Files\nodejs\;C:\Users\Hythan\AppData\Local\Microsoft\WindowsApps;C:\Users\Hythan\AppData\Roaming\npm
USERNAME=Hythan
OS=Windows_NT
PROCESSOR_IDENTIFIER=Intel64 Family 6 Model 142 Stepping 9, GenuineIntel



---------------  S Y S T E M  ---------------

OS: Windows 10.0 , 64 bit Build 15063 (10.0.15063.296)

CPU:total 4 (initial active 4) (2 cores per cpu, 2 threads per core) family 6 model 142 stepping 9, cmov, cx8, fxsr, mmx, sse, sse2, sse3, ssse3, sse4.1, sse4.2, popcnt, avx, avx2, aes, clmul, erms, 3dnowpref, lzcnt, ht, tsc, tscinvbit, bmi1, bmi2, adx

Memory: 4k page, physical 8300076k(3982172k free), swap 10220268k(4489328k free)

vm_info: Java HotSpot(TM) 64-Bit Server VM (25.144-b01) for windows-amd64 JRE (1.8.0_144-b01), built on Jul 21 2017 21:57:33 by "java_re" with MS VC++ 10.0 (VS2010)

time: Tue Oct 03 14:07:03 2017
elapsed time: 11 seconds (0d 0h 0m 11s)

